<?xml version="1.0" encoding="UTF-8"?>
<testsuites name="CinemaAbyss API Tests" tests="22" time="0.290">
  <testsuite name="Monolith Service / Health Check" id="02536d63-38bf-4f89-a6f1-f4f3840bbcee" timestamp="2026-01-28T13:34:38.152Z" tests="1" failures="0" errors="0" time="0.030">
    <testcase name="Status code is 200" time="0.030" classname="CinemaAbyssApiTests"/>
  </testsuite>
  <testsuite name="Monolith Service / Get All Users" id="0fd77fc8-2201-4a9f-ae9c-67c58fccd26e" timestamp="2026-01-28T13:34:38.152Z" tests="2" failures="0" errors="0" time="0.010">
    <testcase name="Status code is 200" time="0.010" classname="CinemaAbyssApiTests"/>
    <testcase name="Response is an array" time="0.010" classname="CinemaAbyssApiTests"/>
  </testsuite>
  <testsuite name="Monolith Service / Create User" id="b77a33dd-a603-4fa2-a122-63e2e55b85af" timestamp="2026-01-28T13:34:38.152Z" tests="2" failures="0" errors="0" time="0.024">
    <testcase name="Status code is 201" time="0.024" classname="CinemaAbyssApiTests"/>
    <testcase name="Response has id" time="0.024" classname="CinemaAbyssApiTests"/>
  </testsuite>
  <testsuite name="Monolith Service / Get User by ID" id="8b7f5289-c2b1-400e-bd81-be6d79f1669d" timestamp="2026-01-28T13:34:38.152Z" tests="2" failures="0" errors="0" time="0.010">
    <testcase name="Status code is 200" time="0.010" classname="CinemaAbyssApiTests"/>
    <testcase name="User ID matches" time="0.010" classname="CinemaAbyssApiTests"/>
  </testsuite>
  <testsuite name="Monolith Service / Get All Movies" id="90ce9b8b-9fbf-4dd1-8d45-a0b76eef0831" timestamp="2026-01-28T13:34:38.152Z" tests="2" failures="0" errors="0" time="0.010">
    <testcase name="Status code is 200" time="0.010" classname="CinemaAbyssApiTests"/>
    <testcase name="Response is an array" time="0.010" classname="CinemaAbyssApiTests"/>
  </testsuite>
  <testsuite name="Monolith Service / Create Movie" id="af6f50dd-713f-4ba0-81c1-f652a1055a59" timestamp="2026-01-28T13:34:38.152Z" tests="2" failures="0" errors="0" time="0.014">
    <testcase name="Status code is 201" time="0.014" classname="CinemaAbyssApiTests"/>
    <testcase name="Response has id" time="0.014" classname="CinemaAbyssApiTests"/>
  </testsuite>
  <testsuite name="Monolith Service / Get Movie by ID" id="9c7cb650-77e8-489b-94ff-d8d583a652ab" timestamp="2026-01-28T13:34:38.152Z" tests="2" failures="0" errors="0" time="0.008">
    <testcase name="Status code is 200" time="0.008" classname="CinemaAbyssApiTests"/>
    <testcase name="Movie ID matches" time="0.008" classname="CinemaAbyssApiTests"/>
  </testsuite>
  <testsuite name="Monolith Service / Create Payment" id="0678723a-260f-4c53-a69f-0c2058f9c300" timestamp="2026-01-28T13:34:38.152Z" tests="2" failures="0" errors="0" time="0.011">
    <testcase name="Status code is 201" time="0.011" classname="CinemaAbyssApiTests"/>
    <testcase name="Response has id" time="0.011" classname="CinemaAbyssApiTests"/>
  </testsuite>
  <testsuite name="Monolith Service / Get Payment by ID" id="9813702d-38e3-4b5e-ba9e-5fb6f068dd63" timestamp="2026-01-28T13:34:38.152Z" tests="2" failures="0" errors="0" time="0.009">
    <testcase name="Status code is 200" time="0.009" classname="CinemaAbyssApiTests"/>
    <testcase name="Payment ID matches" time="0.009" classname="CinemaAbyssApiTests"/>
  </testsuite>
  <testsuite name="Monolith Service / Create Subscription" id="f9cd58c2-5d38-4c71-bb29-51274c6843f4" timestamp="2026-01-28T13:34:38.152Z" tests="2" failures="0" errors="0" time="0.012">
    <testcase name="Status code is 201" time="0.012" classname="CinemaAbyssApiTests"/>
    <testcase name="Response has id" time="0.012" classname="CinemaAbyssApiTests"/>
  </testsuite>
  <testsuite name="Monolith Service / Get Subscription by ID" id="6ef6da73-5372-4529-ad25-0c4d811ed241" timestamp="2026-01-28T13:34:38.152Z" tests="2" failures="0" errors="0" time="0.008">
    <testcase name="Status code is 200" time="0.008" classname="CinemaAbyssApiTests"/>
    <testcase name="Subscription ID matches" time="0.008" classname="CinemaAbyssApiTests"/>
  </testsuite>
  <testsuite name="Movies Microservice / Health Check" id="633fcc57-1953-4743-9c7e-0180a344312a" timestamp="2026-01-28T13:34:38.152Z" tests="2" failures="0" errors="0" time="0.005">
    <testcase name="Status code is 200" time="0.005" classname="CinemaAbyssApiTests"/>
    <testcase name="Status is true" time="0.005" classname="CinemaAbyssApiTests"/>
  </testsuite>
  <testsuite name="Movies Microservice / Get All Movies" id="988e97ec-2098-4095-acfc-b110f24ab3e6" timestamp="2026-01-28T13:34:38.152Z" tests="2" failures="0" errors="0" time="0.020">
    <testcase name="Status code is 200" time="0.020" classname="CinemaAbyssApiTests"/>
    <testcase name="Response is an array" time="0.020" classname="CinemaAbyssApiTests"/>
  </testsuite>
  <testsuite name="Movies Microservice / Create Movie" id="4d323595-8a96-456b-8b07-c1e3c655eade" timestamp="2026-01-28T13:34:38.152Z" tests="2" failures="0" errors="0" time="0.012">
    <testcase name="Status code is 201" time="0.012" classname="CinemaAbyssApiTests"/>
    <testcase name="Response has id" time="0.012" classname="CinemaAbyssApiTests"/>
  </testsuite>
  <testsuite name="Movies Microservice / Get Movie by ID" id="f2c5685c-d49d-44d7-8eec-c0f64f4576d6" timestamp="2026-01-28T13:34:38.152Z" tests="2" failures="0" errors="0" time="0.006">
    <testcase name="Status code is 200" time="0.006" classname="CinemaAbyssApiTests"/>
    <testcase name="Movie ID matches" time="0.006" classname="CinemaAbyssApiTests"/>
  </testsuite>
  <testsuite name="Events Microservice / Health Check" id="887f544e-4c9f-4d60-8e64-86ebb7e2c219" timestamp="2026-01-28T13:34:38.152Z" tests="2" failures="0" errors="0" time="0.006">
    <testcase name="Status code is 200" time="0.006" classname="CinemaAbyssApiTests"/>
    <testcase name="Status is true" time="0.006" classname="CinemaAbyssApiTests"/>
  </testsuite>
  <testsuite name="Events Microservice / Create Movie Event" id="04edee9e-8bc0-4cde-be0e-8bff08980a42" timestamp="2026-01-28T13:34:38.152Z" tests="2" failures="0" errors="0" time="0.048">
    <testcase name="Status code is 201" time="0.048" classname="CinemaAbyssApiTests"/>
    <testcase name="Response has status success" time="0.048" classname="CinemaAbyssApiTests"/>
  </testsuite>
  <testsuite name="Events Microservice / Create User Event" id="b205294f-7af3-4d19-8811-50ee34eaea12" timestamp="2026-01-28T13:34:38.152Z" tests="2" failures="0" errors="0" time="0.013">
    <testcase name="Status code is 201" time="0.013" classname="CinemaAbyssApiTests"/>
    <testcase name="Response has status success" time="0.013" classname="CinemaAbyssApiTests"/>
  </testsuite>
  <testsuite name="Events Microservice / Create Payment Event" id="f067973c-685e-44ba-80dc-22c10aaf9a64" timestamp="2026-01-28T13:34:38.152Z" tests="2" failures="0" errors="0" time="0.013">
    <testcase name="Status code is 201" time="0.013" classname="CinemaAbyssApiTests"/>
    <testcase name="Response has status success" time="0.013" classname="CinemaAbyssApiTests"/>
  </testsuite>
  <testsuite name="Proxy Service / Health Check" id="60353efe-03bb-4503-b018-9aaaa7bca5da" timestamp="2026-01-28T13:34:38.152Z" tests="1" failures="0" errors="0" time="0.006">
    <testcase name="Status code is 200" time="0.006" classname="CinemaAbyssApiTests"/>
  </testsuite>
  <testsuite name="Proxy Service / Get All Movies via Proxy" id="6ddaf9f4-4f42-4512-837c-81f52a1434c9" timestamp="2026-01-28T13:34:38.152Z" tests="2" failures="0" errors="0" time="0.007">
    <testcase name="Status code is 200" time="0.007" classname="CinemaAbyssApiTests"/>
    <testcase name="Response is an array" time="0.007" classname="CinemaAbyssApiTests"/>
  </testsuite>
  <testsuite name="Proxy Service / Get All Users via Proxy" id="078f0dc2-43b3-44ad-bba8-b00c879e8016" timestamp="2026-01-28T13:34:38.152Z" tests="2" failures="0" errors="0" time="0.008">
    <testcase name="Status code is 200" time="0.008" classname="CinemaAbyssApiTests"/>
    <testcase name="Response is an array" time="0.008" classname="CinemaAbyssApiTests"/>
  </testsuite>
</testsuites>