<?xml version="1.0" encoding="UTF-8"?>
<testsuites name="CinemaAbyss API Tests" tests="22" time="0.000">
  <testsuite name="Monolith Service / Health Check" id="1c14c59a-0ea6-4fef-968a-e27f28e57eaa" timestamp="2026-01-28T15:52:44.813Z" tests="1" failures="1" errors="1" time="0.000">
    <system-err><![CDATA[Iteration: 0
RequestError: Error: connect ECONNREFUSED 127.0.0.1:8080
    at TCPConnectWrap.afterConnect [as oncomplete] (node:net:1637:16)

---
]]></system-err>
    <testcase name="Status code is 200" time="0.000" classname="CinemaAbyssApiTests">
      <failure type="AssertionFailure" message="expected { Object (id, _details, ...) } to have property 'code'">
        <![CDATA[Failed 1 times.]]>
        <![CDATA[Collection JSON ID: e3865652-d648-4ef6-bca0-26934e6b54d6.]]>
        <![CDATA[Collection name: CinemaAbyss API Tests.]]>
        <![CDATA[Request name: Monolith Service / Health Check.]]>
        <![CDATA[Test description: Status code is 200.]]>
        <![CDATA[Error message: expected { Object (id, _details, ...) } to have property 'code'.]]>
        <![CDATA[Stacktrace: AssertionError: expected { Object (id, _details, ...) } to have property 'code'
   at Object.eval sandbox-script.js:1:1).]]>
      </failure>
    </testcase>
  </testsuite>
  <testsuite name="Monolith Service / Get All Users" id="fc96e5cc-8b3d-4055-b963-8fc7b93968d9" timestamp="2026-01-28T15:52:44.813Z" tests="2" failures="2" errors="1" time="0.000">
    <system-err><![CDATA[Iteration: 0
RequestError: Error: connect ECONNREFUSED 127.0.0.1:8080
    at TCPConnectWrap.afterConnect [as oncomplete] (node:net:1637:16)

---
]]></system-err>
    <testcase name="Status code is 200" time="0.000" classname="CinemaAbyssApiTests">
      <failure type="AssertionFailure" message="expected { Object (id, _details, ...) } to have property 'code'">
        <![CDATA[Failed 1 times.]]>
        <![CDATA[Collection JSON ID: e3865652-d648-4ef6-bca0-26934e6b54d6.]]>
        <![CDATA[Collection name: CinemaAbyss API Tests.]]>
        <![CDATA[Request name: Monolith Service / Get All Users.]]>
        <![CDATA[Test description: Status code is 200.]]>
        <![CDATA[Error message: expected { Object (id, _details, ...) } to have property 'code'.]]>
        <![CDATA[Stacktrace: AssertionError: expected { Object (id, _details, ...) } to have property 'code'
   at Object.eval sandbox-script.js:1:2).]]>
      </failure>
    </testcase>
    <testcase name="Response is an array" time="0.000" classname="CinemaAbyssApiTests">
      <failure type="AssertionFailure" message="&quot;undefined&quot; is not valid JSON">
        <![CDATA[Failed 1 times.]]>
        <![CDATA[Collection JSON ID: e3865652-d648-4ef6-bca0-26934e6b54d6.]]>
        <![CDATA[Collection name: CinemaAbyss API Tests.]]>
        <![CDATA[Request name: Monolith Service / Get All Users.]]>
        <![CDATA[Test description: Response is an array.]]>
        <![CDATA[Error message: "undefined" is not valid JSON.]]>
        <![CDATA[Stacktrace: JSONError: "undefined" is not valid JSON
   at Object.eval sandbox-script.js:2:2).]]>
      </failure>
    </testcase>
  </testsuite>
  <testsuite name="Monolith Service / Create User" id="1dc14ca5-47de-4192-a351-387dbfa2a787" timestamp="2026-01-28T15:52:44.813Z" tests="2" failures="2" errors="1" time="0.000">
    <system-err><![CDATA[Iteration: 0
RequestError: Error: connect ECONNREFUSED 127.0.0.1:8080
    at TCPConnectWrap.afterConnect [as oncomplete] (node:net:1637:16)

---
]]></system-err>
    <testcase name="Status code is 201" time="0.000" classname="CinemaAbyssApiTests">
      <failure type="AssertionFailure" message="expected { Object (id, _details, ...) } to have property 'code'">
        <![CDATA[Failed 1 times.]]>
        <![CDATA[Collection JSON ID: e3865652-d648-4ef6-bca0-26934e6b54d6.]]>
        <![CDATA[Collection name: CinemaAbyss API Tests.]]>
        <![CDATA[Request name: Monolith Service / Create User.]]>
        <![CDATA[Test description: Status code is 201.]]>
        <![CDATA[Error message: expected { Object (id, _details, ...) } to have property 'code'.]]>
        <![CDATA[Stacktrace: AssertionError: expected { Object (id, _details, ...) } to have property 'code'
   at Object.eval sandbox-script.js:1:3).]]>
      </failure>
    </testcase>
    <testcase name="Response has id" time="0.000" classname="CinemaAbyssApiTests">
      <failure type="AssertionFailure" message="&quot;undefined&quot; is not valid JSON">
        <![CDATA[Failed 1 times.]]>
        <![CDATA[Collection JSON ID: e3865652-d648-4ef6-bca0-26934e6b54d6.]]>
        <![CDATA[Collection name: CinemaAbyss API Tests.]]>
        <![CDATA[Request name: Monolith Service / Create User.]]>
        <![CDATA[Test description: Response has id.]]>
        <![CDATA[Error message: "undefined" is not valid JSON.]]>
        <![CDATA[Stacktrace: JSONError: "undefined" is not valid JSON
   at Object.eval sandbox-script.js:2:3).]]>
      </failure>
    </testcase>
  </testsuite>
  <testsuite name="Monolith Service / Get User by ID" id="b701f802-653d-4145-a680-46e8a88d31f4" timestamp="2026-01-28T15:52:44.813Z" tests="2" failures="2" errors="1" time="0.000">
    <system-err><![CDATA[Iteration: 0
RequestError: Error: connect ECONNREFUSED 127.0.0.1:8080
    at TCPConnectWrap.afterConnect [as oncomplete] (node:net:1637:16)

---
]]></system-err>
    <testcase name="Status code is 200" time="0.000" classname="CinemaAbyssApiTests">
      <failure type="AssertionFailure" message="expected { Object (id, _details, ...) } to have property 'code'">
        <![CDATA[Failed 1 times.]]>
        <![CDATA[Collection JSON ID: e3865652-d648-4ef6-bca0-26934e6b54d6.]]>
        <![CDATA[Collection name: CinemaAbyss API Tests.]]>
        <![CDATA[Request name: Monolith Service / Get User by ID.]]>
        <![CDATA[Test description: Status code is 200.]]>
        <![CDATA[Error message: expected { Object (id, _details, ...) } to have property 'code'.]]>
        <![CDATA[Stacktrace: AssertionError: expected { Object (id, _details, ...) } to have property 'code'
   at Object.eval sandbox-script.js:1:4).]]>
      </failure>
    </testcase>
    <testcase name="User ID matches" time="0.000" classname="CinemaAbyssApiTests">
      <failure type="AssertionFailure" message="&quot;undefined&quot; is not valid JSON">
        <![CDATA[Failed 1 times.]]>
        <![CDATA[Collection JSON ID: e3865652-d648-4ef6-bca0-26934e6b54d6.]]>
        <![CDATA[Collection name: CinemaAbyss API Tests.]]>
        <![CDATA[Request name: Monolith Service / Get User by ID.]]>
        <![CDATA[Test description: User ID matches.]]>
        <![CDATA[Error message: "undefined" is not valid JSON.]]>
        <![CDATA[Stacktrace: JSONError: "undefined" is not valid JSON
   at Object.eval sandbox-script.js:2:4).]]>
      </failure>
    </testcase>
  </testsuite>
  <testsuite name="Monolith Service / Get All Movies" id="752a547c-3433-4013-b563-68445a4e4985" timestamp="2026-01-28T15:52:44.813Z" tests="2" failures="2" errors="1" time="0.000">
    <system-err><![CDATA[Iteration: 0
RequestError: Error: connect ECONNREFUSED 127.0.0.1:8080
    at TCPConnectWrap.afterConnect [as oncomplete] (node:net:1637:16)

---
]]></system-err>
    <testcase name="Status code is 200" time="0.000" classname="CinemaAbyssApiTests">
      <failure type="AssertionFailure" message="expected { Object (id, _details, ...) } to have property 'code'">
        <![CDATA[Failed 1 times.]]>
        <![CDATA[Collection JSON ID: e3865652-d648-4ef6-bca0-26934e6b54d6.]]>
        <![CDATA[Collection name: CinemaAbyss API Tests.]]>
        <![CDATA[Request name: Monolith Service / Get All Movies.]]>
        <![CDATA[Test description: Status code is 200.]]>
        <![CDATA[Error message: expected { Object (id, _details, ...) } to have property 'code'.]]>
        <![CDATA[Stacktrace: AssertionError: expected { Object (id, _details, ...) } to have property 'code'
   at Object.eval sandbox-script.js:1:5).]]>
      </failure>
    </testcase>
    <testcase name="Response is an array" time="0.000" classname="CinemaAbyssApiTests">
      <failure type="AssertionFailure" message="&quot;undefined&quot; is not valid JSON">
        <![CDATA[Failed 1 times.]]>
        <![CDATA[Collection JSON ID: e3865652-d648-4ef6-bca0-26934e6b54d6.]]>
        <![CDATA[Collection name: CinemaAbyss API Tests.]]>
        <![CDATA[Request name: Monolith Service / Get All Movies.]]>
        <![CDATA[Test description: Response is an array.]]>
        <![CDATA[Error message: "undefined" is not valid JSON.]]>
        <![CDATA[Stacktrace: JSONError: "undefined" is not valid JSON
   at Object.eval sandbox-script.js:2:5).]]>
      </failure>
    </testcase>
  </testsuite>
  <testsuite name="Monolith Service / Create Movie" id="9fa2e6f0-d5d2-4d02-808f-aceb4da6ebcc" timestamp="2026-01-28T15:52:44.813Z" tests="2" failures="2" errors="1" time="0.000">
    <system-err><![CDATA[Iteration: 0
RequestError: Error: connect ECONNREFUSED 127.0.0.1:8080
    at TCPConnectWrap.afterConnect [as oncomplete] (node:net:1637:16)

---
]]></system-err>
    <testcase name="Status code is 201" time="0.000" classname="CinemaAbyssApiTests">
      <failure type="AssertionFailure" message="expected { Object (id, _details, ...) } to have property 'code'">
        <![CDATA[Failed 1 times.]]>
        <![CDATA[Collection JSON ID: e3865652-d648-4ef6-bca0-26934e6b54d6.]]>
        <![CDATA[Collection name: CinemaAbyss API Tests.]]>
        <![CDATA[Request name: Monolith Service / Create Movie.]]>
        <![CDATA[Test description: Status code is 201.]]>
        <![CDATA[Error message: expected { Object (id, _details, ...) } to have property 'code'.]]>
        <![CDATA[Stacktrace: AssertionError: expected { Object (id, _details, ...) } to have property 'code'
   at Object.eval sandbox-script.js:1:6).]]>
      </failure>
    </testcase>
    <testcase name="Response has id" time="0.000" classname="CinemaAbyssApiTests">
      <failure type="AssertionFailure" message="&quot;undefined&quot; is not valid JSON">
        <![CDATA[Failed 1 times.]]>
        <![CDATA[Collection JSON ID: e3865652-d648-4ef6-bca0-26934e6b54d6.]]>
        <![CDATA[Collection name: CinemaAbyss API Tests.]]>
        <![CDATA[Request name: Monolith Service / Create Movie.]]>
        <![CDATA[Test description: Response has id.]]>
        <![CDATA[Error message: "undefined" is not valid JSON.]]>
        <![CDATA[Stacktrace: JSONError: "undefined" is not valid JSON
   at Object.eval sandbox-script.js:2:6).]]>
      </failure>
    </testcase>
  </testsuite>
  <testsuite name="Monolith Service / Get Movie by ID" id="99ae6401-9974-49a0-a877-24f4630405b8" timestamp="2026-01-28T15:52:44.813Z" tests="2" failures="2" errors="1" time="0.000">
    <system-err><![CDATA[Iteration: 0
RequestError: Error: connect ECONNREFUSED 127.0.0.1:8080
    at TCPConnectWrap.afterConnect [as oncomplete] (node:net:1637:16)

---
]]></system-err>
    <testcase name="Status code is 200" time="0.000" classname="CinemaAbyssApiTests">
      <failure type="AssertionFailure" message="expected { Object (id, _details, ...) } to have property 'code'">
        <![CDATA[Failed 1 times.]]>
        <![CDATA[Collection JSON ID: e3865652-d648-4ef6-bca0-26934e6b54d6.]]>
        <![CDATA[Collection name: CinemaAbyss API Tests.]]>
        <![CDATA[Request name: Monolith Service / Get Movie by ID.]]>
        <![CDATA[Test description: Status code is 200.]]>
        <![CDATA[Error message: expected { Object (id, _details, ...) } to have property 'code'.]]>
        <![CDATA[Stacktrace: AssertionError: expected { Object (id, _details, ...) } to have property 'code'
   at Object.eval sandbox-script.js:1:7).]]>
      </failure>
    </testcase>
    <testcase name="Movie ID matches" time="0.000" classname="CinemaAbyssApiTests">
      <failure type="AssertionFailure" message="&quot;undefined&quot; is not valid JSON">
        <![CDATA[Failed 1 times.]]>
        <![CDATA[Collection JSON ID: e3865652-d648-4ef6-bca0-26934e6b54d6.]]>
        <![CDATA[Collection name: CinemaAbyss API Tests.]]>
        <![CDATA[Request name: Monolith Service / Get Movie by ID.]]>
        <![CDATA[Test description: Movie ID matches.]]>
        <![CDATA[Error message: "undefined" is not valid JSON.]]>
        <![CDATA[Stacktrace: JSONError: "undefined" is not valid JSON
   at Object.eval sandbox-script.js:2:7).]]>
      </failure>
    </testcase>
  </testsuite>
  <testsuite name="Monolith Service / Create Payment" id="20af5b43-daf3-4fe3-b58a-7511da33b02e" timestamp="2026-01-28T15:52:44.813Z" tests="2" failures="2" errors="1" time="0.000">
    <system-err><![CDATA[Iteration: 0
RequestError: Error: connect ECONNREFUSED 127.0.0.1:8080
    at TCPConnectWrap.afterConnect [as oncomplete] (node:net:1637:16)

---
]]></system-err>
    <testcase name="Status code is 201" time="0.000" classname="CinemaAbyssApiTests">
      <failure type="AssertionFailure" message="expected { Object (id, _details, ...) } to have property 'code'">
        <![CDATA[Failed 1 times.]]>
        <![CDATA[Collection JSON ID: e3865652-d648-4ef6-bca0-26934e6b54d6.]]>
        <![CDATA[Collection name: CinemaAbyss API Tests.]]>
        <![CDATA[Request name: Monolith Service / Create Payment.]]>
        <![CDATA[Test description: Status code is 201.]]>
        <![CDATA[Error message: expected { Object (id, _details, ...) } to have property 'code'.]]>
        <![CDATA[Stacktrace: AssertionError: expected { Object (id, _details, ...) } to have property 'code'
   at Object.eval sandbox-script.js:1:8).]]>
      </failure>
    </testcase>
    <testcase name="Response has id" time="0.000" classname="CinemaAbyssApiTests">
      <failure type="AssertionFailure" message="&quot;undefined&quot; is not valid JSON">
        <![CDATA[Failed 1 times.]]>
        <![CDATA[Collection JSON ID: e3865652-d648-4ef6-bca0-26934e6b54d6.]]>
        <![CDATA[Collection name: CinemaAbyss API Tests.]]>
        <![CDATA[Request name: Monolith Service / Create Payment.]]>
        <![CDATA[Test description: Response has id.]]>
        <![CDATA[Error message: "undefined" is not valid JSON.]]>
        <![CDATA[Stacktrace: JSONError: "undefined" is not valid JSON
   at Object.eval sandbox-script.js:2:8).]]>
      </failure>
    </testcase>
  </testsuite>
  <testsuite name="Monolith Service / Get Payment by ID" id="4cb22748-4cc4-42dd-a100-0981abcf87da" timestamp="2026-01-28T15:52:44.813Z" tests="2" failures="2" errors="1" time="0.000">
    <system-err><![CDATA[Iteration: 0
RequestError: Error: connect ECONNREFUSED 127.0.0.1:8080
    at TCPConnectWrap.afterConnect [as oncomplete] (node:net:1637:16)

---
]]></system-err>
    <testcase name="Status code is 200" time="0.000" classname="CinemaAbyssApiTests">
      <failure type="AssertionFailure" message="expected { Object (id, _details, ...) } to have property 'code'">
        <![CDATA[Failed 1 times.]]>
        <![CDATA[Collection JSON ID: e3865652-d648-4ef6-bca0-26934e6b54d6.]]>
        <![CDATA[Collection name: CinemaAbyss API Tests.]]>
        <![CDATA[Request name: Monolith Service / Get Payment by ID.]]>
        <![CDATA[Test description: Status code is 200.]]>
        <![CDATA[Error message: expected { Object (id, _details, ...) } to have property 'code'.]]>
        <![CDATA[Stacktrace: AssertionError: expected { Object (id, _details, ...) } to have property 'code'
   at Object.eval sandbox-script.js:1:9).]]>
      </failure>
    </testcase>
    <testcase name="Payment ID matches" time="0.000" classname="CinemaAbyssApiTests">
      <failure type="AssertionFailure" message="&quot;undefined&quot; is not valid JSON">
        <![CDATA[Failed 1 times.]]>
        <![CDATA[Collection JSON ID: e3865652-d648-4ef6-bca0-26934e6b54d6.]]>
        <![CDATA[Collection name: CinemaAbyss API Tests.]]>
        <![CDATA[Request name: Monolith Service / Get Payment by ID.]]>
        <![CDATA[Test description: Payment ID matches.]]>
        <![CDATA[Error message: "undefined" is not valid JSON.]]>
        <![CDATA[Stacktrace: JSONError: "undefined" is not valid JSON
   at Object.eval sandbox-script.js:2:9).]]>
      </failure>
    </testcase>
  </testsuite>
  <testsuite name="Monolith Service / Create Subscription" id="b6936294-f3f3-4f55-a544-25c1d944173e" timestamp="2026-01-28T15:52:44.813Z" tests="2" failures="2" errors="1" time="0.000">
    <system-err><![CDATA[Iteration: 0
RequestError: Error: connect ECONNREFUSED 127.0.0.1:8080
    at TCPConnectWrap.afterConnect [as oncomplete] (node:net:1637:16)

---
]]></system-err>
    <testcase name="Status code is 201" time="0.000" classname="CinemaAbyssApiTests">
      <failure type="AssertionFailure" message="expected { Object (id, _details, ...) } to have property 'code'">
        <![CDATA[Failed 1 times.]]>
        <![CDATA[Collection JSON ID: e3865652-d648-4ef6-bca0-26934e6b54d6.]]>
        <![CDATA[Collection name: CinemaAbyss API Tests.]]>
        <![CDATA[Request name: Monolith Service / Create Subscription.]]>
        <![CDATA[Test description: Status code is 201.]]>
        <![CDATA[Error message: expected { Object (id, _details, ...) } to have property 'code'.]]>
        <![CDATA[Stacktrace: AssertionError: expected { Object (id, _details, ...) } to have property 'code'
   at Object.eval sandbox-script.js:1:10).]]>
      </failure>
    </testcase>
    <testcase name="Response has id" time="0.000" classname="CinemaAbyssApiTests">
      <failure type="AssertionFailure" message="&quot;undefined&quot; is not valid JSON">
        <![CDATA[Failed 1 times.]]>
        <![CDATA[Collection JSON ID: e3865652-d648-4ef6-bca0-26934e6b54d6.]]>
        <![CDATA[Collection name: CinemaAbyss API Tests.]]>
        <![CDATA[Request name: Monolith Service / Create Subscription.]]>
        <![CDATA[Test description: Response has id.]]>
        <![CDATA[Error message: "undefined" is not valid JSON.]]>
        <![CDATA[Stacktrace: JSONError: "undefined" is not valid JSON
   at Object.eval sandbox-script.js:2:10).]]>
      </failure>
    </testcase>
  </testsuite>
  <testsuite name="Monolith Service / Get Subscription by ID" id="9f4db721-d9a0-498d-a89c-4eb32ac65c3c" timestamp="2026-01-28T15:52:44.813Z" tests="2" failures="2" errors="1" time="0.000">
    <system-err><![CDATA[Iteration: 0
RequestError: Error: connect ECONNREFUSED 127.0.0.1:8080
    at TCPConnectWrap.afterConnect [as oncomplete] (node:net:1637:16)

---
]]></system-err>
    <testcase name="Status code is 200" time="0.000" classname="CinemaAbyssApiTests">
      <failure type="AssertionFailure" message="expected { Object (id, _details, ...) } to have property 'code'">
        <![CDATA[Failed 1 times.]]>
        <![CDATA[Collection JSON ID: e3865652-d648-4ef6-bca0-26934e6b54d6.]]>
        <![CDATA[Collection name: CinemaAbyss API Tests.]]>
        <![CDATA[Request name: Monolith Service / Get Subscription by ID.]]>
        <![CDATA[Test description: Status code is 200.]]>
        <![CDATA[Error message: expected { Object (id, _details, ...) } to have property 'code'.]]>
        <![CDATA[Stacktrace: AssertionError: expected { Object (id, _details, ...) } to have property 'code'
   at Object.eval sandbox-script.js:1:11).]]>
      </failure>
    </testcase>
    <testcase name="Subscription ID matches" time="0.000" classname="CinemaAbyssApiTests">
      <failure type="AssertionFailure" message="&quot;undefined&quot; is not valid JSON">
        <![CDATA[Failed 1 times.]]>
        <![CDATA[Collection JSON ID: e3865652-d648-4ef6-bca0-26934e6b54d6.]]>
        <![CDATA[Collection name: CinemaAbyss API Tests.]]>
        <![CDATA[Request name: Monolith Service / Get Subscription by ID.]]>
        <![CDATA[Test description: Subscription ID matches.]]>
        <![CDATA[Error message: "undefined" is not valid JSON.]]>
        <![CDATA[Stacktrace: JSONError: "undefined" is not valid JSON
   at Object.eval sandbox-script.js:2:11).]]>
      </failure>
    </testcase>
  </testsuite>
  <testsuite name="Movies Microservice / Health Check" id="37938158-2436-4860-8c5a-fdae2fbb2958" timestamp="2026-01-28T15:52:44.813Z" tests="2" failures="2" errors="1" time="0.000">
    <system-err><![CDATA[Iteration: 0
RequestError: Error: connect ECONNREFUSED 127.0.0.1:8081
    at TCPConnectWrap.afterConnect [as oncomplete] (node:net:1637:16)

---
]]></system-err>
    <testcase name="Status code is 200" time="0.000" classname="CinemaAbyssApiTests">
      <failure type="AssertionFailure" message="expected { Object (id, _details, ...) } to have property 'code'">
        <![CDATA[Failed 1 times.]]>
        <![CDATA[Collection JSON ID: e3865652-d648-4ef6-bca0-26934e6b54d6.]]>
        <![CDATA[Collection name: CinemaAbyss API Tests.]]>
        <![CDATA[Request name: Movies Microservice / Health Check.]]>
        <![CDATA[Test description: Status code is 200.]]>
        <![CDATA[Error message: expected { Object (id, _details, ...) } to have property 'code'.]]>
        <![CDATA[Stacktrace: AssertionError: expected { Object (id, _details, ...) } to have property 'code'
   at Object.eval sandbox-script.js:1:12).]]>
      </failure>
    </testcase>
    <testcase name="Status is true" time="0.000" classname="CinemaAbyssApiTests">
      <failure type="AssertionFailure" message="&quot;undefined&quot; is not valid JSON">
        <![CDATA[Failed 1 times.]]>
        <![CDATA[Collection JSON ID: e3865652-d648-4ef6-bca0-26934e6b54d6.]]>
        <![CDATA[Collection name: CinemaAbyss API Tests.]]>
        <![CDATA[Request name: Movies Microservice / Health Check.]]>
        <![CDATA[Test description: Status is true.]]>
        <![CDATA[Error message: "undefined" is not valid JSON.]]>
        <![CDATA[Stacktrace: JSONError: "undefined" is not valid JSON
   at Object.eval sandbox-script.js:2:12).]]>
      </failure>
    </testcase>
  </testsuite>
  <testsuite name="Movies Microservice / Get All Movies" id="ddade0bf-a99e-429c-966a-586f9d51f27f" timestamp="2026-01-28T15:52:44.813Z" tests="2" failures="2" errors="1" time="0.000">
    <system-err><![CDATA[Iteration: 0
RequestError: Error: connect ECONNREFUSED 127.0.0.1:8081
    at TCPConnectWrap.afterConnect [as oncomplete] (node:net:1637:16)

---
]]></system-err>
    <testcase name="Status code is 200" time="0.000" classname="CinemaAbyssApiTests">
      <failure type="AssertionFailure" message="expected { Object (id, _details, ...) } to have property 'code'">
        <![CDATA[Failed 1 times.]]>
        <![CDATA[Collection JSON ID: e3865652-d648-4ef6-bca0-26934e6b54d6.]]>
        <![CDATA[Collection name: CinemaAbyss API Tests.]]>
        <![CDATA[Request name: Movies Microservice / Get All Movies.]]>
        <![CDATA[Test description: Status code is 200.]]>
        <![CDATA[Error message: expected { Object (id, _details, ...) } to have property 'code'.]]>
        <![CDATA[Stacktrace: AssertionError: expected { Object (id, _details, ...) } to have property 'code'
   at Object.eval sandbox-script.js:1:13).]]>
      </failure>
    </testcase>
    <testcase name="Response is an array" time="0.000" classname="CinemaAbyssApiTests">
      <failure type="AssertionFailure" message="&quot;undefined&quot; is not valid JSON">
        <![CDATA[Failed 1 times.]]>
        <![CDATA[Collection JSON ID: e3865652-d648-4ef6-bca0-26934e6b54d6.]]>
        <![CDATA[Collection name: CinemaAbyss API Tests.]]>
        <![CDATA[Request name: Movies Microservice / Get All Movies.]]>
        <![CDATA[Test description: Response is an array.]]>
        <![CDATA[Error message: "undefined" is not valid JSON.]]>
        <![CDATA[Stacktrace: JSONError: "undefined" is not valid JSON
   at Object.eval sandbox-script.js:2:13).]]>
      </failure>
    </testcase>
  </testsuite>
  <testsuite name="Movies Microservice / Create Movie" id="08928722-c42c-4920-a624-61be1484c1eb" timestamp="2026-01-28T15:52:44.813Z" tests="2" failures="2" errors="1" time="0.000">
    <system-err><![CDATA[Iteration: 0
RequestError: Error: connect ECONNREFUSED 127.0.0.1:8081
    at TCPConnectWrap.afterConnect [as oncomplete] (node:net:1637:16)

---
]]></system-err>
    <testcase name="Status code is 201" time="0.000" classname="CinemaAbyssApiTests">
      <failure type="AssertionFailure" message="expected { Object (id, _details, ...) } to have property 'code'">
        <![CDATA[Failed 1 times.]]>
        <![CDATA[Collection JSON ID: e3865652-d648-4ef6-bca0-26934e6b54d6.]]>
        <![CDATA[Collection name: CinemaAbyss API Tests.]]>
        <![CDATA[Request name: Movies Microservice / Create Movie.]]>
        <![CDATA[Test description: Status code is 201.]]>
        <![CDATA[Error message: expected { Object (id, _details, ...) } to have property 'code'.]]>
        <![CDATA[Stacktrace: AssertionError: expected { Object (id, _details, ...) } to have property 'code'
   at Object.eval sandbox-script.js:1:14).]]>
      </failure>
    </testcase>
    <testcase name="Response has id" time="0.000" classname="CinemaAbyssApiTests">
      <failure type="AssertionFailure" message="&quot;undefined&quot; is not valid JSON">
        <![CDATA[Failed 1 times.]]>
        <![CDATA[Collection JSON ID: e3865652-d648-4ef6-bca0-26934e6b54d6.]]>
        <![CDATA[Collection name: CinemaAbyss API Tests.]]>
        <![CDATA[Request name: Movies Microservice / Create Movie.]]>
        <![CDATA[Test description: Response has id.]]>
        <![CDATA[Error message: "undefined" is not valid JSON.]]>
        <![CDATA[Stacktrace: JSONError: "undefined" is not valid JSON
   at Object.eval sandbox-script.js:2:14).]]>
      </failure>
    </testcase>
  </testsuite>
  <testsuite name="Movies Microservice / Get Movie by ID" id="6ad8e596-39dd-4dba-99e4-f9896fbc45f4" timestamp="2026-01-28T15:52:44.813Z" tests="2" failures="2" errors="1" time="0.000">
    <system-err><![CDATA[Iteration: 0
RequestError: Error: connect ECONNREFUSED 127.0.0.1:8081
    at TCPConnectWrap.afterConnect [as oncomplete] (node:net:1637:16)

---
]]></system-err>
    <testcase name="Status code is 200" time="0.000" classname="CinemaAbyssApiTests">
      <failure type="AssertionFailure" message="expected { Object (id, _details, ...) } to have property 'code'">
        <![CDATA[Failed 1 times.]]>
        <![CDATA[Collection JSON ID: e3865652-d648-4ef6-bca0-26934e6b54d6.]]>
        <![CDATA[Collection name: CinemaAbyss API Tests.]]>
        <![CDATA[Request name: Movies Microservice / Get Movie by ID.]]>
        <![CDATA[Test description: Status code is 200.]]>
        <![CDATA[Error message: expected { Object (id, _details, ...) } to have property 'code'.]]>
        <![CDATA[Stacktrace: AssertionError: expected { Object (id, _details, ...) } to have property 'code'
   at Object.eval sandbox-script.js:1:15).]]>
      </failure>
    </testcase>
    <testcase name="Movie ID matches" time="0.000" classname="CinemaAbyssApiTests">
      <failure type="AssertionFailure" message="&quot;undefined&quot; is not valid JSON">
        <![CDATA[Failed 1 times.]]>
        <![CDATA[Collection JSON ID: e3865652-d648-4ef6-bca0-26934e6b54d6.]]>
        <![CDATA[Collection name: CinemaAbyss API Tests.]]>
        <![CDATA[Request name: Movies Microservice / Get Movie by ID.]]>
        <![CDATA[Test description: Movie ID matches.]]>
        <![CDATA[Error message: "undefined" is not valid JSON.]]>
        <![CDATA[Stacktrace: JSONError: "undefined" is not valid JSON
   at Object.eval sandbox-script.js:2:15).]]>
      </failure>
    </testcase>
  </testsuite>
  <testsuite name="Events Microservice / Health Check" id="75ecc34a-8303-429b-966b-aa5518f30900" timestamp="2026-01-28T15:52:44.813Z" tests="2" failures="2" errors="1" time="0.000">
    <system-err><![CDATA[Iteration: 0
RequestError: Error: connect ECONNREFUSED 127.0.0.1:8082
    at TCPConnectWrap.afterConnect [as oncomplete] (node:net:1637:16)

---
]]></system-err>
    <testcase name="Status code is 200" time="0.000" classname="CinemaAbyssApiTests">
      <failure type="AssertionFailure" message="expected { Object (id, _details, ...) } to have property 'code'">
        <![CDATA[Failed 1 times.]]>
        <![CDATA[Collection JSON ID: e3865652-d648-4ef6-bca0-26934e6b54d6.]]>
        <![CDATA[Collection name: CinemaAbyss API Tests.]]>
        <![CDATA[Request name: Events Microservice / Health Check.]]>
        <![CDATA[Test description: Status code is 200.]]>
        <![CDATA[Error message: expected { Object (id, _details, ...) } to have property 'code'.]]>
        <![CDATA[Stacktrace: AssertionError: expected { Object (id, _details, ...) } to have property 'code'
   at Object.eval sandbox-script.js:1:16).]]>
      </failure>
    </testcase>
    <testcase name="Status is true" time="0.000" classname="CinemaAbyssApiTests">
      <failure type="AssertionFailure" message="&quot;undefined&quot; is not valid JSON">
        <![CDATA[Failed 1 times.]]>
        <![CDATA[Collection JSON ID: e3865652-d648-4ef6-bca0-26934e6b54d6.]]>
        <![CDATA[Collection name: CinemaAbyss API Tests.]]>
        <![CDATA[Request name: Events Microservice / Health Check.]]>
        <![CDATA[Test description: Status is true.]]>
        <![CDATA[Error message: "undefined" is not valid JSON.]]>
        <![CDATA[Stacktrace: JSONError: "undefined" is not valid JSON
   at Object.eval sandbox-script.js:2:16).]]>
      </failure>
    </testcase>
  </testsuite>
  <testsuite name="Events Microservice / Create Movie Event" id="8737bfe0-210f-42ce-b99e-1f20253f2875" timestamp="2026-01-28T15:52:44.813Z" tests="2" failures="2" errors="1" time="0.000">
    <system-err><![CDATA[Iteration: 0
RequestError: Error: connect ECONNREFUSED 127.0.0.1:8082
    at TCPConnectWrap.afterConnect [as oncomplete] (node:net:1637:16)

---
]]></system-err>
    <testcase name="Status code is 201" time="0.000" classname="CinemaAbyssApiTests">
      <failure type="AssertionFailure" message="expected { Object (id, _details, ...) } to have property 'code'">
        <![CDATA[Failed 1 times.]]>
        <![CDATA[Collection JSON ID: e3865652-d648-4ef6-bca0-26934e6b54d6.]]>
        <![CDATA[Collection name: CinemaAbyss API Tests.]]>
        <![CDATA[Request name: Events Microservice / Create Movie Event.]]>
        <![CDATA[Test description: Status code is 201.]]>
        <![CDATA[Error message: expected { Object (id, _details, ...) } to have property 'code'.]]>
        <![CDATA[Stacktrace: AssertionError: expected { Object (id, _details, ...) } to have property 'code'
   at Object.eval sandbox-script.js:1:17).]]>
      </failure>
    </testcase>
    <testcase name="Response has status success" time="0.000" classname="CinemaAbyssApiTests">
      <failure type="AssertionFailure" message="&quot;undefined&quot; is not valid JSON">
        <![CDATA[Failed 1 times.]]>
        <![CDATA[Collection JSON ID: e3865652-d648-4ef6-bca0-26934e6b54d6.]]>
        <![CDATA[Collection name: CinemaAbyss API Tests.]]>
        <![CDATA[Request name: Events Microservice / Create Movie Event.]]>
        <![CDATA[Test description: Response has status success.]]>
        <![CDATA[Error message: "undefined" is not valid JSON.]]>
        <![CDATA[Stacktrace: JSONError: "undefined" is not valid JSON
   at Object.eval sandbox-script.js:2:17).]]>
      </failure>
    </testcase>
  </testsuite>
  <testsuite name="Events Microservice / Create User Event" id="08788897-1e60-4d21-93cf-3aaa83044e79" timestamp="2026-01-28T15:52:44.813Z" tests="2" failures="2" errors="1" time="0.000">
    <system-err><![CDATA[Iteration: 0
RequestError: Error: connect ECONNREFUSED 127.0.0.1:8082
    at TCPConnectWrap.afterConnect [as oncomplete] (node:net:1637:16)

---
]]></system-err>
    <testcase name="Status code is 201" time="0.000" classname="CinemaAbyssApiTests">
      <failure type="AssertionFailure" message="expected { Object (id, _details, ...) } to have property 'code'">
        <![CDATA[Failed 1 times.]]>
        <![CDATA[Collection JSON ID: e3865652-d648-4ef6-bca0-26934e6b54d6.]]>
        <![CDATA[Collection name: CinemaAbyss API Tests.]]>
        <![CDATA[Request name: Events Microservice / Create User Event.]]>
        <![CDATA[Test description: Status code is 201.]]>
        <![CDATA[Error message: expected { Object (id, _details, ...) } to have property 'code'.]]>
        <![CDATA[Stacktrace: AssertionError: expected { Object (id, _details, ...) } to have property 'code'
   at Object.eval sandbox-script.js:1:18).]]>
      </failure>
    </testcase>
    <testcase name="Response has status success" time="0.000" classname="CinemaAbyssApiTests">
      <failure type="AssertionFailure" message="&quot;undefined&quot; is not valid JSON">
        <![CDATA[Failed 1 times.]]>
        <![CDATA[Collection JSON ID: e3865652-d648-4ef6-bca0-26934e6b54d6.]]>
        <![CDATA[Collection name: CinemaAbyss API Tests.]]>
        <![CDATA[Request name: Events Microservice / Create User Event.]]>
        <![CDATA[Test description: Response has status success.]]>
        <![CDATA[Error message: "undefined" is not valid JSON.]]>
        <![CDATA[Stacktrace: JSONError: "undefined" is not valid JSON
   at Object.eval sandbox-script.js:2:18).]]>
      </failure>
    </testcase>
  </testsuite>
  <testsuite name="Events Microservice / Create Payment Event" id="5c1574bb-1bb3-457a-968d-1534ba256a3f" timestamp="2026-01-28T15:52:44.813Z" tests="2" failures="2" errors="1" time="0.000">
    <system-err><![CDATA[Iteration: 0
RequestError: Error: connect ECONNREFUSED 127.0.0.1:8082
    at TCPConnectWrap.afterConnect [as oncomplete] (node:net:1637:16)

---
]]></system-err>
    <testcase name="Status code is 201" time="0.000" classname="CinemaAbyssApiTests">
      <failure type="AssertionFailure" message="expected { Object (id, _details, ...) } to have property 'code'">
        <![CDATA[Failed 1 times.]]>
        <![CDATA[Collection JSON ID: e3865652-d648-4ef6-bca0-26934e6b54d6.]]>
        <![CDATA[Collection name: CinemaAbyss API Tests.]]>
        <![CDATA[Request name: Events Microservice / Create Payment Event.]]>
        <![CDATA[Test description: Status code is 201.]]>
        <![CDATA[Error message: expected { Object (id, _details, ...) } to have property 'code'.]]>
        <![CDATA[Stacktrace: AssertionError: expected { Object (id, _details, ...) } to have property 'code'
   at Object.eval sandbox-script.js:1:19).]]>
      </failure>
    </testcase>
    <testcase name="Response has status success" time="0.000" classname="CinemaAbyssApiTests">
      <failure type="AssertionFailure" message="&quot;undefined&quot; is not valid JSON">
        <![CDATA[Failed 1 times.]]>
        <![CDATA[Collection JSON ID: e3865652-d648-4ef6-bca0-26934e6b54d6.]]>
        <![CDATA[Collection name: CinemaAbyss API Tests.]]>
        <![CDATA[Request name: Events Microservice / Create Payment Event.]]>
        <![CDATA[Test description: Response has status success.]]>
        <![CDATA[Error message: "undefined" is not valid JSON.]]>
        <![CDATA[Stacktrace: JSONError: "undefined" is not valid JSON
   at Object.eval sandbox-script.js:2:19).]]>
      </failure>
    </testcase>
  </testsuite>
  <testsuite name="Proxy Service / Health Check" id="e1f83873-9e3c-46e2-91d4-bd11f6c64cb7" timestamp="2026-01-28T15:52:44.813Z" tests="1" failures="1" errors="1" time="0.000">
    <system-err><![CDATA[Iteration: 0
RequestError: Error: connect ECONNREFUSED 127.0.0.1:8000
    at TCPConnectWrap.afterConnect [as oncomplete] (node:net:1637:16)

---
]]></system-err>
    <testcase name="Status code is 200" time="0.000" classname="CinemaAbyssApiTests">
      <failure type="AssertionFailure" message="expected { Object (id, _details, ...) } to have property 'code'">
        <![CDATA[Failed 1 times.]]>
        <![CDATA[Collection JSON ID: e3865652-d648-4ef6-bca0-26934e6b54d6.]]>
        <![CDATA[Collection name: CinemaAbyss API Tests.]]>
        <![CDATA[Request name: Proxy Service / Health Check.]]>
        <![CDATA[Test description: Status code is 200.]]>
        <![CDATA[Error message: expected { Object (id, _details, ...) } to have property 'code'.]]>
        <![CDATA[Stacktrace: AssertionError: expected { Object (id, _details, ...) } to have property 'code'
   at Object.eval sandbox-script.js:1:20).]]>
      </failure>
    </testcase>
  </testsuite>
  <testsuite name="Proxy Service / Get All Movies via Proxy" id="e33c112b-0171-46c8-9e33-a4b976a8b022" timestamp="2026-01-28T15:52:44.813Z" tests="2" failures="2" errors="1" time="0.000">
    <system-err><![CDATA[Iteration: 0
RequestError: Error: connect ECONNREFUSED 127.0.0.1:8000
    at TCPConnectWrap.afterConnect [as oncomplete] (node:net:1637:16)

---
]]></system-err>
    <testcase name="Status code is 200" time="0.000" classname="CinemaAbyssApiTests">
      <failure type="AssertionFailure" message="expected { Object (id, _details, ...) } to have property 'code'">
        <![CDATA[Failed 1 times.]]>
        <![CDATA[Collection JSON ID: e3865652-d648-4ef6-bca0-26934e6b54d6.]]>
        <![CDATA[Collection name: CinemaAbyss API Tests.]]>
        <![CDATA[Request name: Proxy Service / Get All Movies via Proxy.]]>
        <![CDATA[Test description: Status code is 200.]]>
        <![CDATA[Error message: expected { Object (id, _details, ...) } to have property 'code'.]]>
        <![CDATA[Stacktrace: AssertionError: expected { Object (id, _details, ...) } to have property 'code'
   at Object.eval sandbox-script.js:1:21).]]>
      </failure>
    </testcase>
    <testcase name="Response is an array" time="0.000" classname="CinemaAbyssApiTests">
      <failure type="AssertionFailure" message="&quot;undefined&quot; is not valid JSON">
        <![CDATA[Failed 1 times.]]>
        <![CDATA[Collection JSON ID: e3865652-d648-4ef6-bca0-26934e6b54d6.]]>
        <![CDATA[Collection name: CinemaAbyss API Tests.]]>
        <![CDATA[Request name: Proxy Service / Get All Movies via Proxy.]]>
        <![CDATA[Test description: Response is an array.]]>
        <![CDATA[Error message: "undefined" is not valid JSON.]]>
        <![CDATA[Stacktrace: JSONError: "undefined" is not valid JSON
   at Object.eval sandbox-script.js:2:21).]]>
      </failure>
    </testcase>
  </testsuite>
  <testsuite name="Proxy Service / Get All Users via Proxy" id="86cceb78-ab13-44a1-917f-e43830ea0fee" timestamp="2026-01-28T15:52:44.813Z" tests="2" failures="2" errors="1" time="0.000">
    <system-err><![CDATA[Iteration: 0
RequestError: Error: connect ECONNREFUSED 127.0.0.1:8000
    at TCPConnectWrap.afterConnect [as oncomplete] (node:net:1637:16)

---
]]></system-err>
    <testcase name="Status code is 200" time="0.000" classname="CinemaAbyssApiTests">
      <failure type="AssertionFailure" message="expected { Object (id, _details, ...) } to have property 'code'">
        <![CDATA[Failed 1 times.]]>
        <![CDATA[Collection JSON ID: e3865652-d648-4ef6-bca0-26934e6b54d6.]]>
        <![CDATA[Collection name: CinemaAbyss API Tests.]]>
        <![CDATA[Request name: Proxy Service / Get All Users via Proxy.]]>
        <![CDATA[Test description: Status code is 200.]]>
        <![CDATA[Error message: expected { Object (id, _details, ...) } to have property 'code'.]]>
        <![CDATA[Stacktrace: AssertionError: expected { Object (id, _details, ...) } to have property 'code'
   at Object.eval sandbox-script.js:1:22).]]>
      </failure>
    </testcase>
    <testcase name="Response is an array" time="0.000" classname="CinemaAbyssApiTests">
      <failure type="AssertionFailure" message="&quot;undefined&quot; is not valid JSON">
        <![CDATA[Failed 1 times.]]>
        <![CDATA[Collection JSON ID: e3865652-d648-4ef6-bca0-26934e6b54d6.]]>
        <![CDATA[Collection name: CinemaAbyss API Tests.]]>
        <![CDATA[Request name: Proxy Service / Get All Users via Proxy.]]>
        <![CDATA[Test description: Response is an array.]]>
        <![CDATA[Error message: "undefined" is not valid JSON.]]>
        <![CDATA[Stacktrace: JSONError: "undefined" is not valid JSON
   at Object.eval sandbox-script.js:2:22).]]>
      </failure>
    </testcase>
  </testsuite>
</testsuites>